(---------------------------------------------------------------------)
(                                                                     )
(    Allegro Netrev Import Logic                                      )
(                                                                     )
(    Drawing          : F407_BIKE_V10A.brd                            )
(    Software Version : 17.2S031                                      )
(    Date/Time        : Wed Jan 24 20:42:34 2018                      )
(                                                                     )
(---------------------------------------------------------------------)


------ Directives ------------

Ripup etch:                  No
Ripup delete first segment:  No
Ripup retain bondwire:       No
Ripup symbols:               Always
Missing symbol has error:    No
DRC update:                  Yes
Schematic directory:         'H:/GitHub/Multi-function_bicycle_data_test/HARDWARE/F407_BIKE_V10A/SCH/ALLEGRO'
Design Directory:            'H:/GitHub/Multi-function_bicycle_data_test/HARDWARE/F407_BIKE_V10A/PCB'
Old design name:             'H:/GitHub/Multi-function_bicycle_data_test/HARDWARE/F407_BIKE_V10A/PCB/F407_BIKE_V10A.brd'
New design name:             'H:/GitHub/Multi-function_bicycle_data_test/HARDWARE/F407_BIKE_V10A/PCB/F407_BIKE_V10A.brd'

CmdLine: netrev -$ -i H:/GitHub/Multi-function_bicycle_data_test/HARDWARE/F407_BIKE_V10A/SCH/ALLEGRO -y 1 -h -q netrev_constraint_report.xml H:/GitHub/Multi-function_bicycle_data_test/HARDWARE/F407_BIKE_V10A/PCB/#Taaaaaj01960.tmp

------ Preparing to read pst files ------

Starting to read H:/GitHub/Multi-function_bicycle_data_test/HARDWARE/F407_BIKE_V10A/SCH/ALLEGRO/pstchip.dat 
   Finished reading H:/GitHub/Multi-function_bicycle_data_test/HARDWARE/F407_BIKE_V10A/SCH/ALLEGRO/pstchip.dat (00:00:00.02)
Starting to read H:/GitHub/Multi-function_bicycle_data_test/HARDWARE/F407_BIKE_V10A/SCH/ALLEGRO/pstxprt.dat 
   Finished reading H:/GitHub/Multi-function_bicycle_data_test/HARDWARE/F407_BIKE_V10A/SCH/ALLEGRO/pstxprt.dat (00:00:00.00)
Starting to read H:/GitHub/Multi-function_bicycle_data_test/HARDWARE/F407_BIKE_V10A/SCH/ALLEGRO/pstxnet.dat 
   Finished reading H:/GitHub/Multi-function_bicycle_data_test/HARDWARE/F407_BIKE_V10A/SCH/ALLEGRO/pstxnet.dat (00:00:00.00)

------ Oversights/Warnings/Errors ------


------ Library Paths ------
MODULEPATH =  . 
           D:/Cadence/SPB_17.2/share/local/pcb/modules 

PSMPATH =  E:/CadenceLib/allegro/ 
           . 
           symbols 
           .. 
           ../symbols 
           D:/Cadence/SPB_17.2/share/local/pcb/symbols 
           D:/Cadence/SPB_17.2/share/pcb/pcb_lib/symbols 
           D:/Cadence/SPB_17.2/share/pcb/allegrolib/symbols 
           E:/CADENCELIB/pad/ 

PADPATH =  E:/CadenceLib/pad/ 
           . 
           symbols 
           .. 
           ../symbols 
           D:/Cadence/SPB_17.2/share/local/pcb/padstacks 
           D:/Cadence/SPB_17.2/share/pcb/pcb_lib/symbols 
           D:/Cadence/SPB_17.2/share/pcb/allegrolib/symbols 


------ Summary Statistics ------


netrev run on Jan 24 20:42:34 2018
   DESIGN NAME : 'F407_BIKE_V10A'
   PACKAGING ON Nov 27 2017 09:06:25

   COMPILE 'logic'
   CHECK_PIN_NAMES OFF
   CROSS_REFERENCE OFF
   FEEDBACK OFF
   INCREMENTAL OFF
   INTERFACE_TYPE PHYSICAL
   MAX_ERRORS 500
   MERGE_MINIMUM 5
   NET_NAME_CHARS '#%&()*+-./:=>?@[]^_`|'
   NET_NAME_LENGTH 24
   OVERSIGHTS ON
   REPLACE_CHECK OFF
   SINGLE_NODE_NETS ON
   SPLIT_MINIMUM 0
   SUPPRESS   20
   WARNINGS ON

 No error detected
 No oversight detected
 No warning detected

cpu time      0:01:06
elapsed time  0:00:00

