(---------------------------------------------------------------------)
(                                                                     )
(    QUICKPLACE LOG                                                   )
(                                                                     )
(    Drawing          : F407_BIKE_V10A.brd                            )
(    Software Version : 17.2S031                                      )
(    Date/Time        : Wed Jan 24 20:43:40 2018                      )
(                                                                     )
(---------------------------------------------------------------------)


State: Placing on layer TOP

         Placed symbol:  U1 / STM32F407ZGT6_0_LQFP-144_STM32F / LQFP-144 at (112.3462 87.8062)
         Placed symbol:  U11 / IS61LV25626_0_TSOP-44_IS62WV512 / TSOP-44 at (106.9454 66.0362)
         Placed symbol:  U15 / TFT-2R4_TFT-2R4_TFT-2R4 / TFT-2R4 at (124.6162 99.8222)
         Placed symbol:  U3 / NEO-6M_NEO-6M_NEO-6M / NEO-6M at (131.6962 31.4182)
         Placed symbol:  U4 / ESP-12F_ESP-12F_ESP-12F / ESP-12F at (176.6202 87.8222)
         Placed symbol:  U9 / NRF24L01P-R_QFN-20-4X4-0R5_NRF2 / QFN-20-4X4-0R5 at (170.2052 71.7832)
         Placed symbol:  U16 / XPT2046_TSSOP-16_XPT2046 / TSSOP-16 at (170.4040 65.4542)
         Placed symbol:  U8 / HMC5883_TQFN-3X3-16_HMC5883L / TQFN-3X3-16 at (174.5702 54.5752)
         Placed symbol:  U13 / TFCARD_1_TFCARD_TFCARD / TFCARD at (176.2202 46.2012)
         Placed symbol:  U18 / BQ24090_HVSSOP-10_BQ24090DGQR / HVSSOP-10 at (169.0702 27.8112)
         Placed symbol:  USB1 / USB-MICRO_USB-MICRO_USB-MICRO / USB-MICRO at (172.3202 23.6772)
         Placed symbol:  U12 / W25QXX_SOIC-8_208_W25Q128FVSIG / SOIC-8_208 at (170.2702 13.5452)
         Placed symbol:  U7 / AT24CXX_SOIC8_AT24C32D-SSHM-T / SOIC8 at (170.0702 4.8132)
         Placed symbol:  U19 / MP2162GQH-Z_QFN-8_MP2162GQH-Z / QFN-8 at (187.4727 98.7722)
         Placed symbol:  U14 / AT24C512_SOIC8_AT24C512C-SSHM-T / SOIC8 at (188.5242 93.8745)
         Placed symbol:  U10 / BMP180_BMP180_BMP180 / BMP180 at (186.5742 86.6220)
         Placed symbol:  U6 / MAX2659ELT+T_UDFN-6_MAX2659ELT+ / UDFN-6 at (187.4767 85.0680)
         Placed symbol:  U17 / NUP2202W1_D_2_SOT-363_NUP4202W1 / SOT-363 at (187.2942 82.1169)
         Placed symbol:  J1 / CONN RCPT 6_XH-6A_XH-6A / XH-6A at (194.8642 77.7373)
         Placed symbol:  SW7 / SWITCH-SPST-4P_SW-6X6X6-L_SW / SW-6X6X6-L at (189.0039 70.3117)
         Placed symbol:  SW6 / SWITCH-SPST-4P_SW-6X6X6-L_SW / SW-6X6X6-L at (189.0039 63.6861)
         Placed symbol:  SW5 / SWITCH-SPST-4P_SW-6X6X6-L_SW / SW-6X6X6-L at (189.0039 57.0605)
         Placed symbol:  SW4 / SWITCH-SPST-4P_SW-6X6X6-L_SW / SW-6X6X6-L at (189.0039 50.4349)
         Placed symbol:  SW3 / SWITCH-SPST-4P_SW-6X6X6-L_SW / SW-6X6X6-L at (189.0039 43.8093)
         Placed symbol:  SW2 / SWITCH-SPST-4P_SW-6X6X6-L_SW / SW-6X6X6-L at (189.0039 37.1837)
         Placed symbol:  SW1 / SWITCH-SPST-4P_SW-6X6X6_RST / SW-6X6X6 at (189.5742 29.9797)
         Placed symbol:  SW8 / SWITCH-SPST-4P_SW-6X6X6-L_SW / SW-6X6X6-L at (189.0039 21.4041)
         Placed symbol:  J2 / CONN RCPT 4_HEADER4X1_2R54_HEAD / HEADER4X1_2R54 at (191.3582 17.1261)
         Placed symbol:  IPX1 / IPEX_1_IPEX3_IPEX / IPEX3 at (188.2847 13.3416)
         Placed symbol:  Q1 / L14G1/TO_1_SOT23_123_S8050_NPN / SOT23_123 at (187.5482 8.6046)
         Placed symbol:  Q3 / MOS-P_SOT23_GSD_AO3401A / SOT23_GSD at (187.8022 4.2739)
         Placed symbol:  Q2 / L14G1/TO_1_SOT23_123_S8050_NPN / SOT23_123 at (205.4022 97.5997)
         Placed symbol:  L3 / INDUCTOR_LC0402_27NH / LC0402 at (204.7926 94.8565)
         Placed symbol:  L6 / INDUCTOR_LC0402_3.9NH / LC0402 at (204.7926 93.6675)
         Placed symbol:  D13 / DIODE13_0_SOD-123_LMBR130FT1G / SOD-123 at (204.5689 92.2450)
         Placed symbol:  F1 / FUSE_SMD-1210_SMD1210-6V2A / SMD-1210 at (206.1282 89.8410)
         Placed symbol:  D12 / DIODE13_0_SOD-123_LMBR130FT1G / SOD-123 at (204.5689 87.3185)
         Placed symbol:  C26 / CAP NP_2_CC0603_33NF_50V / CC0603 at (205.0974 85.3620)
         Placed symbol:  C24 / CAP NP_CC0603_470PF_50V / CC0603 at (205.0974 83.6983)
         Placed symbol:  L4 / INDUCTOR_LC0402_6.8NH / LC0402 at (204.7926 82.3521)
         Placed symbol:  L7 / INDUCTOR_LC0402_8.2NH / LC0402 at (204.7926 81.1631)
         Placed symbol:  C29 / CAP NP_2_CC0603_4.7PF_50V / CC0603 at (205.0974 79.6566)
         Placed symbol:  C21 / CAP NP_CC0603_8.2PF_50V / CC0603 at (205.0974 77.9929)
         Placed symbol:  L8 / INDUCTOR_LC0402_2.7NH / LC0402 at (204.7926 76.6467)
         Placed symbol:  C28 / CAP NP_2_CC0603_220NF_50V / CC0603 at (205.0974 75.1402)
         Placed symbol:  L9 / IND_BEAD_0805_600OHM_1_L3015_SW / L3015 at (205.4782 72.9290)
         Placed symbol:  C52 / CAP NP_2_CC0805_10UF_25V / CC0805 at (205.6308 70.2225)
         Placed symbol:  C2 / CAP NP_CC0603_12PF_50V / CC0603 at (205.0974 68.3048)
         Placed symbol:  C51 / CAP NP_2_CC0805_10UF_25V / CC0805 at (205.6308 66.6411)
         Placed symbol:  R18 / R_GENERIC_RC0603_120R / RC0603 at (205.0974 64.7234)
         Placed symbol:  R1 / R_10K_0603_RC0603_0R/NI / RC0603 at (205.0974 63.0597)
         Placed symbol:  R28 / R_GENERIC_RC0603_22K / RC0603 at (205.0974 61.3960)
         Placed symbol:  R47 / R_GENERIC_RC0603_200K / RC0603 at (205.0974 59.7323)
         Placed symbol:  R49 / R_GENERIC_RC0603_200K / RC0603 at (205.0974 58.0686)
         Placed symbol:  R53 / R_GENERIC_RC0603_200K / RC0603 at (205.0974 56.4049)
         Placed symbol:  R55 / R_GENERIC_RC0603_200K / RC0603 at (205.0974 54.7412)
         Placed symbol:  R63 / R_GENERIC_RC0603_200K / RC0603 at (205.0974 53.0775)
         Placed symbol:  R48 / R_GENERIC_RC0603_1.5K / RC0603 at (205.0974 51.4138)
         Placed symbol:  R50 / R_GENERIC_RC0603_1.5K / RC0603 at (205.0974 49.7501)
         Placed symbol:  R51 / R_GENERIC_RC0603_1.5K / RC0603 at (205.0974 48.0864)
         Placed symbol:  R57 / R_GENERIC_RC0603_540R / RC0603 at (205.0974 46.4227)
         Placed symbol:  R64 / R_GENERIC_RC0603_44.2K / RC0603 at (205.0974 44.7590)
         Placed symbol:  R7 / R_GENERIC_RC0603_10K/NI / RC0603 at (205.0974 43.0953)
         Placed symbol:  R8 / R_GENERIC_RC0603_10K/NI / RC0603 at (205.0974 41.4316)
         Placed symbol:  R9 / R_GENERIC_RC0603_10K/NI / RC0603 at (205.0974 39.7679)
         Placed symbol:  D11 / LED_4_LED0805_LED_GREEN / LED0805 at (205.5038 38.3455)
         Placed symbol:  D2 / DIODE13_0_SOD-123_1N4148W-TP / SOD-123 at (204.5689 36.5118)
         Placed symbol:  D1 / DIODE13_0_SOD-123_1N4148W-TP / SOD-123 at (204.5689 34.6393)
         Placed symbol:  C35 / CAP NP_2_CC0603_2.2NF_50V / CC0603 at (205.0974 32.6828)
         Placed symbol:  C36 / CAP NP_2_CC0603_4.7PF_50V / CC0603 at (205.0974 31.0191)
         Placed symbol:  C31 / CAP NP_2_CC0603_4.7PF_50V / CC0603 at (205.0974 29.3554)
         Placed symbol:  C53 / CAP NP_2_CC0805_10UF_25V / CC0805 at (205.6308 27.6917)
         Placed symbol:  R19 / R_GENERIC_RC0603_510R / RC0603 at (205.0974 25.7740)
         Placed symbol:  C50 / CAP NP_2_CC0805_10UF_25V / CC0805 at (205.6308 24.1103)
         Placed symbol:  C1 / CAP NP_CC0603_12PF_50V / CC0603 at (205.0974 22.1926)
         Placed symbol:  BAT1 / BATTERY_XHB-2A_BATTERY / XHB-2A at (207.6282 18.9814)
         Placed symbol:  ANT2 / AN9520-245_AN9520_AN9520-245 / AN9520 at (204.6282 14.3774)
         Placed symbol:  R2 / R_10K_0603_RC0603_0R / RC0603 at (205.0974 12.1209)
         Placed symbol:  ANT1 / AN9520-245_AN1003-1575_GPS1003- / AN1003-1575 at (209.6782 9.9097)
         Placed symbol:  C49 / CAP NP_2_CC0805_10UF_25V / CC0805 at (205.6308 7.2032)
         Placed symbol:  D8 / PESD3V3S1UB_1_SOD-523_PESD3V3SI / SOD-523 at (204.9704 5.8380)
         Placed symbol:  R17 / R_GENERIC_RC0603_510R / RC0603 at (205.0974 4.1082)
         Placed symbol:  U5 / BATTERY_BAT-XH414HG_BATTERY_XH4 / BAT-XH414HG at (217.9346 97.2722)
         Placed symbol:  R20 / R_GENERIC_RC0603_510R / RC0603 at (216.7514 93.0656)
         Placed symbol:  C27 / CAP NP_2_CC0805_10UF_25V / CC0805 at (217.2848 91.4019)
         Placed symbol:  R16 / R_GENERIC_RC0603_47K / RC0603 at (216.7514 89.4842)
         Placed symbol:  X3 / XTAL_5032_0_X-2P-5R0X3R2-SMD__1 / X-2P-5R0X3R2-SMD at (218.3822 87.1770)
         Placed symbol:  R46 / R_GENERIC_RC0603_100K / RC0603 at (216.7514 84.3665)
         Placed symbol:  R52 / R_GENERIC_RC0603_100K / RC0603 at (216.7514 82.7028)
         Placed symbol:  R61 / R_GENERIC_RC0603_100K / RC0603 at (216.7514 81.0391)
         Placed symbol:  R58 / R_GENERIC_RC0603_2K / RC0603 at (216.7514 79.3754)
         Placed symbol:  D10 / PESD3V3S1UB_1_SOD-523_PESD3V3SI / SOD-523 at (216.6244 78.2642)
         Placed symbol:  C10 / CAP NP_CC0603_0.1UF_50V / CC0603 at (216.7514 76.5344)
         Placed symbol:  B1 / BEEP_HC12085P_BEEP_12X7R6_BEEP / BEEP_12X7R6 at (218.1322 69.8232)
         Placed symbol:  R29 / R_GENERIC_RC0603_1M / RC0603 at (216.7514 62.6167)
         Placed symbol:  C11 / CAP NP_CC0603_0.1UF_50V / CC0603 at (216.7514 60.9530)
         Placed symbol:  C12 / CAP NP_CC0603_0.1UF_50V / CC0603 at (216.7514 59.2893)
         Placed symbol:  C13 / CAP NP_CC0603_0.1UF_50V / CC0603 at (216.7514 57.6256)
         Placed symbol:  C14 / CAP NP_CC0603_0.1UF_50V / CC0603 at (216.7514 55.9619)
         Placed symbol:  C16 / CAP NP_CC0603_0.1UF_50V / CC0603 at (216.7514 54.2982)
         Placed symbol:  C17 / CAP NP_CC0603_0.1UF_50V / CC0603 at (216.7514 52.6345)
         Placed symbol:  C19 / CAP NP_CC0603_0.1UF_50V / CC0603 at (216.7514 50.9708)
         Placed symbol:  C25 / CAP NP_CC0603_0.1UF_50V / CC0603 at (216.7514 49.3071)
         Placed symbol:  C40 / CAP NP_CC0603_0.1UF_50V / CC0603 at (216.7514 47.6434)
         Placed symbol:  C41 / CAP NP_CC0603_0.1UF_50V / CC0603 at (216.7514 45.9797)
         Placed symbol:  C42 / CAP NP_CC0603_0.1UF_50V / CC0603 at (216.7514 44.3160)
         Placed symbol:  C43 / CAP NP_CC0603_0.1UF_50V / CC0603 at (216.7514 42.6523)
         Placed symbol:  C44 / CAP NP_CC0603_0.1UF_50V / CC0603 at (216.7514 40.9886)
         Placed symbol:  C46 / CAP NP_CC0603_0.1UF_50V / CC0603 at (216.7514 39.3249)
         Placed symbol:  C47 / CAP NP_CC0603_0.1UF_50V / CC0603 at (216.7514 37.6612)
         Placed symbol:  C48 / CAP NP_CC0603_0.1UF_50V / CC0603 at (216.7514 35.9975)
         Placed symbol:  C54 / CAP NP_CC0603_0.1UF_50V / CC0603 at (216.7514 34.3338)
         Placed symbol:  C7 / CAP NP_CC0603_0.1UF_50V / CC0603 at (216.7514 32.6701)
         Placed symbol:  C8 / CAP NP_CC0603_0.1UF_50V / CC0603 at (216.7514 31.0064)
         Placed symbol:  C9 / CAP NP_CC0603_0.1UF_50V / CC0603 at (216.7514 29.3427)
         Placed symbol:  C15 / CAP NP_CC0603_0.1UF_50V / CC0603 at (216.7514 27.6790)
         Placed symbol:  C18 / CAP NP_CC0603_0.1UF_50V / CC0603 at (216.7514 26.0153)
         Placed symbol:  C20 / C_GENERIC_CC0603_0.1UF_50V / CC0603 at (216.7514 24.3516)
         Placed symbol:  C3 / CAP NP_CC0603_20PF_50V / CC0603 at (216.7514 22.6879)
         Placed symbol:  C38 / CAP NP_CC0603_20PF_50V / CC0603 at (216.7514 21.0242)
         Placed symbol:  C39 / CAP NP_CC0603_20PF_50V / CC0603 at (216.7514 19.3605)
         Placed symbol:  C4 / CAP NP_CC0603_20PF_50V / CC0603 at (216.7514 17.6968)
         Placed symbol:  C45 / C_GENERIC_CC0805_10UF_25V / CC0805 at (217.2848 16.0331)
         Placed symbol:  C5 / C_GENERIC_CC0805_10UF_25V / CC0805 at (217.2848 14.1154)
         Placed symbol:  C6 / C_GENERIC_CC0805_10UF_25V / CC0805 at (217.2848 12.1977)
         Placed symbol:  R6 / R_GENERIC_RC0603_1M / RC0603 at (216.7514 10.2800)
         Placed symbol:  L1 / IND_BEAD_0805_600OHM_200MA_LC08 / LC0805 at (217.2213 8.6163)
         Placed symbol:  L10 / IND_BEAD_0805_600OHM_200MA_LC08 / LC0805 at (217.2213 6.7621)
         Placed symbol:  L5 / IND_BEAD_0805_600OHM_200MA_LC08 / LC0805 at (217.2213 4.9079)
         Placed symbol:  L2 / IND_BEAD_0805_600OHM_200MA_LC08 / LC0805 at (217.2213 3.0537)
         Placed symbol:  R34 / R_GENERIC_RC0603_4.7K / RC0603 at (216.7514 1.1995)
         Placed symbol:  R36 / R_GENERIC_RC0603_4.7K / RC0603 at (229.0054 98.8697)
         Placed symbol:  R4 / R_GENERIC_RC0603_0R / RC0603 at (229.0054 97.2060)
         Placed symbol:  R40 / R_GENERIC_RC0603_0R / RC0603 at (229.0054 95.5423)
         Placed symbol:  R5 / R_GENERIC_RC0603_0R / RC0603 at (229.0054 93.8786)
         Placed symbol:  R12 / R_GENERIC_RC0603_1K / RC0603 at (229.0054 92.2149)
         Placed symbol:  R13 / R_GENERIC_RC0603_1K / RC0603 at (229.0054 90.5512)
         Placed symbol:  R15 / R_GENERIC_RC0603_1K / RC0603 at (229.0054 88.8875)
         Placed symbol:  R45 / R_GENERIC_RC0603_1K / RC0603 at (229.0054 87.2238)
         Placed symbol:  R14 / R_GENERIC_RC0603_1K / RC0603 at (229.0054 85.5601)
         Placed symbol:  R37 / R_GENERIC_RC0603_4.7K / RC0603 at (229.0054 83.8964)
         Placed symbol:  X2 / XTAL_5032_0_X-2P-5R0X3R2-SMD_XT / X-2P-5R0X3R2-SMD at (230.6362 81.5892)
         Placed symbol:  R10 / R_GENERIC_RC0603_10K / RC0603 at (229.0054 78.7787)
         Placed symbol:  R11 / R_GENERIC_RC0603_10K / RC0603 at (229.0054 77.1150)
         Placed symbol:  R21 / R_GENERIC_RC0603_10K / RC0603 at (229.0054 75.4513)
         Placed symbol:  R22 / R_GENERIC_RC0603_10K / RC0603 at (229.0054 73.7876)
         Placed symbol:  R24 / R_GENERIC_RC0603_10K / RC0603 at (229.0054 72.1239)
         Placed symbol:  R25 / R_GENERIC_RC0603_10K / RC0603 at (229.0054 70.4602)
         Placed symbol:  R27 / R_GENERIC_RC0603_10K / RC0603 at (229.0054 68.7965)
         Placed symbol:  R30 / R_GENERIC_RC0603_10K / RC0603 at (229.0054 67.1328)
         Placed symbol:  R59 / R_GENERIC_RC0603_10K / RC0603 at (229.0054 65.4691)
         Placed symbol:  R60 / R_GENERIC_RC0603_10K / RC0603 at (229.0054 63.8054)
         Placed symbol:  R62 / R_GENERIC_RC0603_10K / RC0603 at (229.0054 62.1417)
         Placed symbol:  R23 / R_GENERIC_RC0603_10K / RC0603 at (229.0054 60.4780)
         Placed symbol:  R31 / R_GENERIC_RC0603_4.7K / RC0603 at (229.0054 58.8143)
         Placed symbol:  R32 / R_GENERIC_RC0603_4.7K / RC0603 at (229.0054 57.1506)
         Placed symbol:  R33 / R_GENERIC_RC0603_4.7K / RC0603 at (229.0054 55.4869)
         Placed symbol:  D6 / DIODE13_7_SOD-123_1N4148W-TP / SOD-123 at (228.4769 53.9072)
         Placed symbol:  R35 / R_GENERIC_RC0603_4.7K / RC0603 at (229.0054 51.9507)
         Placed symbol:  R39 / R_GENERIC_RC0603_0R/NI / RC0603 at (229.0054 50.2870)
         Placed symbol:  R26 / R_GENERIC_RC0603_10R / RC0603 at (229.0054 48.6233)
         Placed symbol:  C30 / CAP NP_2_CC0603_0.1UF_50V / CC0603 at (229.0054 46.9596)
         Placed symbol:  C37 / CAP NP_2_CC0603_0.1UF_50V / CC0603 at (229.0054 45.2959)
         Placed symbol:  X1 / XTAL_5032_0_X-2P-3R2X1R5-SMD_XT / X-2P-3R2X1R5-SMD at (229.5862 43.6347)
         Placed symbol:  R41 / R_GENERIC_RC0603_10R / RC0603 at (229.0054 41.4782)
         Placed symbol:  C34 / CAP NP_2_CC0603_0.1UF_50V / CC0603 at (229.0054 39.8145)
         Placed symbol:  D3 / LED_4_LED0805_LED_RED / LED0805 at (229.4118 38.3921)
         Placed symbol:  D4 / LED_4_LED0805_LED_RED / LED0805 at (229.4118 36.7157)
         Placed symbol:  D7 / LED_4_LED0805_LED_RED / LED0805 at (229.4118 35.0393)
         Placed symbol:  D9 / LED_4_LED0805_LED_RED / LED0805 at (229.4118 33.3629)
         Placed symbol:  D5 / LED_4_LED0805_LED_RED / LED0805 at (229.4118 31.6865)
         Placed symbol:  R3 / R_GENERIC_RC0603_0R/NI / RC0603 at (229.0054 29.7688)
         Placed symbol:  R38 / R_GENERIC_RC0603_0R/NI / RC0603 at (229.0054 28.1051)
         Placed symbol:  R42 / R_GENERIC_RC0603_10R / RC0603 at (229.0054 26.4414)
         Placed symbol:  R54 / R_GENERIC_RC0603_10R / RC0603 at (229.0054 24.7777)
         Placed symbol:  R56 / R_GENERIC_RC0603_10R / RC0603 at (229.0054 23.1140)
         Placed symbol:  C33 / CAP NP_2_CC0603_0.1UF_50V / CC0603 at (229.0054 21.4503)
         Placed symbol:  R43 / R_GENERIC_RC0603_10R / RC0603 at (229.0054 19.7866)
         Placed symbol:  R44 / R_GENERIC_RC0603_10R / RC0603 at (229.0054 18.1229)
         Placed symbol:  C22 / CAP NP_2_CC0603_0.1UF_50V / CC0603 at (229.0054 16.4592)
         Placed symbol:  C23 / CAP NP_2_CC0603_0.1UF_50V / CC0603 at (229.0054 14.7955)
         Placed symbol:  C32 / CAP NP_2_CC0603_0.1UF_50V / CC0603 at (229.0054 13.1318)
         Placed symbol:  MP2 / MARKPOINT_MARKPOINT_R3_MARKPOIN / MARKPOINT_R3 at (228.2942 11.8618)
         Placed symbol:  MP1 / MARKPOINT_MARKPOINT_R3_MARKPOIN / MARKPOINT_R3 at (228.2942 10.5410)
         Placed symbol:  MH3 / HOLD_1_HOLD250D134_HOLD / HOLD250D134 at (230.9612 6.6040)
         Placed symbol:  MH4 / HOLD_1_HOLD250D134_HOLD / HOLD250D134 at (237.5652 96.6472)
         Placed symbol:  MH1 / HOLD_1_HOLD250D134_HOLD / HOLD250D134 at (237.5652 90.0432)
         Placed symbol:  MH2 / HOLD_1_HOLD250D134_HOLD / HOLD250D134 at (237.5652 83.4392)


Placed 188 of 188 applicable (188 total) symbols.

-----------------------------------------------------------------------

